<?xml version="1.0" encoding="UTF-8"?>
<testsuite xmlns:xsi="http://www.w3.org/2001/XMLSchema-instance" xsi:noNamespaceSchemaLocation="https://maven.apache.org/surefire/maven-surefire-plugin/xsd/surefire-test-report-3.0.xsd" version="3.0" name="SeleniumVendaTest" time="7.914" tests="1" errors="0" skipped="0" failures="0">
  <properties>
[...]
</properties>
  <testcase name="testFluxoLogin" classname="SeleniumVendaTest" time="7.899">
    <system-out><![CDATA[
> Navegador iniciado.
--- Iniciando teste de Login ---
URL atual: http://localhost:8080/
Título da página: Venda Eletrônicos
Preenchendo email automaticamente...
Preenchendo senha automaticamente...
Clicando no botão de login...
Dashboard carregado com sucesso.
✓ Login realizado com sucesso.
Total de produtos no dashboard: 8
> Teste finalizado. Fechando navegador em 3 segundos...
> Navegador fechado.
]]></system-out>
    <system-err><![CDATA[SLF4J(W): No SLF4J providers were found.
SLF4J(W): Defaulting to no-operation (NOP) logger implementation
SLF4J(W): See https://www.slf4j.org/codes.html#noProviders for further details.
mai. 14, 2026 1:28:14 PM org.openqa.selenium.devtools.CdpVersionFinder findNearestMatch
ADVERTÊNCIA: Unable to find CDP implementation matching 148
mai. 14, 2026 1:28:14 PM org.openqa.selenium.chromium.ChromiumDriver lambda$new$5
ADVERTÊNCIA: Unable to find version of CDP to use for 148.0.7778.97. You may need to include a dependency on a specific version of the CDP using something similar to `org.seleniumhq.selenium:selenium-devtools-v86:4.13.0` where the version ("v86") matches the version of the chromium-based browser you're using and the version number of the artifact is the same as Selenium's.
]]></system-err>
  </testcase>
</testsuite>